<?xml version="1.0" encoding="UTF-8"?>
<testng-results skipped="0" failed="0" ignored="0" total="1" passed="1">
  <reporter-output>
  </reporter-output>
  <suite name="Default suite" duration-ms="3427" started-at="2020-05-20T14:34:03Z" finished-at="2020-05-20T14:34:06Z">
    <groups>
    </groups>
    <test name="Default test" duration-ms="3427" started-at="2020-05-20T14:34:03Z" finished-at="2020-05-20T14:34:06Z">
      <class name="TC001_WeatherAPI">
        <test-method status="PASS" signature="getWeatherDetails()[pri:0, instance:TC001_WeatherAPI@2b98378d]" name="getWeatherDetails" duration-ms="3384" started-at="2020-05-20T14:34:03Z" finished-at="2020-05-20T14:34:06Z">
          <reporter-output>
          </reporter-output>
        </test-method> <!-- getWeatherDetails -->
      </class> <!-- TC001_WeatherAPI -->
    </test> <!-- Default test -->
  </suite> <!-- Default suite -->
</testng-results>
